<?xml version="1.0" encoding="UTF-8"?>
<!-- Generated by org.testng.reporters.JUnitReportReporter -->
<testsuite hostname="LAPTOP-GSLR5G3B" failures="0" tests="6" name="api.test.DDT" time="8.922" errors="0" timestamp="2025-01-12T17:24:11 IST" skipped="0">
  <testcase classname="api.test.DDT" name="testPostUser" time="1.209"/>
  <system-out/>
  <testcase classname="api.test.DDT" name="testPostUser" time="1.238"/>
  <system-out/>
  <testcase classname="api.test.DDT" name="testPostUser" time="3.090"/>
  <system-out/>
  <testcase classname="api.test.DDT" name="testDeleteUserByUserName" time="1.045"/>
  <system-out/>
  <testcase classname="api.test.DDT" name="testDeleteUserByUserName" time="1.113"/>
  <system-out/>
  <testcase classname="api.test.DDT" name="testDeleteUserByUserName" time="1.227"/>
  <system-out/>
</testsuite> <!-- api.test.DDT -->
