<?xml version="1.0" encoding="UTF-8"?>
<!-- Generated by org.testng.reporters.JUnitReportReporter -->
<testsuite hostname="LAPTOP-GSLR5G3B" failures="0" tests="5" name="api.test.UserTests" time="8.834" errors="0" timestamp="2025-01-12T17:23:27 IST" skipped="0">
  <testcase classname="api.test.UserTests" name="testCreateuser" time="3.119"/>
  <system-out/>
  <testcase classname="api.test.UserTests" name="testGetuserByName" time="1.221"/>
  <system-out/>
  <testcase classname="api.test.UserTests" name="testUpdateUserByUsername" time="2.158"/>
  <system-out/>
  <testcase classname="api.test.UserTests" name="testDeleteUserByUsername" time="1.187"/>
  <system-out/>
  <testcase classname="api.test.UserTests" name="testGetuserByNameAfterDelete" time="1.149"/>
  <system-out/>
</testsuite> <!-- api.test.UserTests -->
